<?xml version="1.0" encoding="UTF-8"?>
<!-- Generated by org.testng.reporters.JUnitReportReporter -->
<testsuite skipped="0" hostname="ansible-acm" name="seltestng.SimpleTest" tests="1" failures="0" timestamp="18 Feb 2020 21:32:20 GMT" time="0.023" errors="0">
  <testcase name="runFromSeltestng" time="0.023" classname="seltestng.SimpleTest"/>
</testsuite> <!-- seltestng.SimpleTest -->
