<?xml version="1.0" encoding="UTF-8"?>
<!-- Generated by org.testng.reporters.JUnitReportReporter -->
<testsuite skipped="0" hostname="ansible-acm" name="seltestng.seltestng1" tests="1" failures="0" timestamp="19 Feb 2020 03:25:13 GMT" time="14.640" errors="0">
  <testcase name="runFromSeltestng" time="14.640" classname="seltestng.seltestng1"/>
</testsuite> <!-- seltestng.seltestng1 -->
