<?xml version="1.0" encoding="UTF-8"?>
<!-- Generated by org.testng.reporters.JUnitReportReporter -->
<testsuite skipped="0" hostname="ansible-acm" name="seltestng.seltestng1" tests="1" failures="0" timestamp="18 Feb 2020 21:34:57 GMT" time="12.833" errors="0">
  <testcase name="runFromSeltestng" time="12.833" classname="seltestng.seltestng1"/>
</testsuite> <!-- seltestng.seltestng1 -->
